cscope 15 $HOME/Desktop/lavanya/tools -q 0000000013 0000000521
	@cscope.files

1 ./
	gmm­_exam¶e
.
	gc


2 ./
	g‹¡g´of
.
	gc


3 ./
	g»po2
/
	gÿp™®
.
	gc


4 ./
	g»po2
/
	gšfixToPo¡fix
.
	gc


5 ./
	g»po2
/
	gcouÁlše
.
	gc


6 ./
	g»po2
/
	g´og¿m
 14.c

7 ./
	g»po2
/
	g´og¿m15
.
	gc


8 ./
	gpgm1
.
	gc


9 ./
	gsšglyLškedLi¡
.
	gc


10 ./
	g»po1
/
	gÿp™®
.
	gc


11 ./
	g»po1
/
	gšfixToPo¡fix
.
	gc


12 ./
	g»po1
/
	gcouÁlše
.
	gc


13 ./
	g»po1
/
	g´og¿m
 14.c

14 ./
	g»po1
/
	g´og¿m15
.
	gc


15 ./
	g‹¡
.
	gc


	@
1
.
1
/usr/include
1
13
cscope.files
